<?xml version="1.0" encoding="utf-8"?><testsuites name="pytest tests"><testsuite name="pytest" errors="0" failures="0" skipped="0" tests="19" time="1.680" timestamp="2026-06-03T01:31:28.571089+00:00" hostname="agent-env-8c2e2178-f23a-4c03-9f40-cab54482134e"><testcase classname="backend.tests.test_admin.TestAdminAuth" name="test_login_success" time="0.249" /><testcase classname="backend.tests.test_admin.TestAdminAuth" name="test_login_wrong_password" time="0.057" /><testcase classname="backend.tests.test_admin.TestAdminAuth" name="test_admin_bookings_requires_password" time="0.054" /><testcase classname="backend.tests.test_admin.TestAdminAuth" name="test_admin_bookings_wrong_password" time="0.045" /><testcase classname="backend.tests.test_admin.TestAdminBookings" name="test_create_booking_via_public_api" time="0.064" /><testcase classname="backend.tests.test_admin.TestAdminBookings" name="test_admin_list_contains_new_booking" time="0.121" /><testcase classname="backend.tests.test_admin.TestAdminBookings" name="test_admin_update_status_confirmed" time="0.105" /><testcase classname="backend.tests.test_admin.TestAdminBookings" name="test_admin_update_status_invalid" time="0.054" /><testcase classname="backend.tests.test_admin.TestAdminBookings" name="test_admin_update_nonexistent" time="0.055" /><testcase classname="backend.tests.test_admin.TestAdminBookings" name="test_admin_stats" time="0.056" /><testcase classname="backend.tests.test_admin.TestAdminBookings" name="test_admin_delete_booking" time="0.216" /><testcase classname="backend.tests.test_admin.TestAdminBookings" name="test_admin_delete_nonexistent" time="0.054" /><testcase classname="backend.tests.test_bookings.TestRoot" name="test_root_message" time="0.146" /><testcase classname="backend.tests.test_bookings.TestBookings" name="test_create_booking" time="0.054" /><testcase classname="backend.tests.test_bookings.TestBookings" name="test_get_booking_by_id" time="0.054" /><testcase classname="backend.tests.test_bookings.TestBookings" name="test_get_booking_not_found" time="0.057" /><testcase classname="backend.tests.test_bookings.TestBookings" name="test_list_bookings_contains_created" time="0.051" /><testcase classname="backend.tests.test_bookings.TestBookings" name="test_create_booking_invalid_email" time="0.054" /><testcase classname="backend.tests.test_bookings.TestBookings" name="test_create_booking_missing_field" time="0.053" /></testsuite></testsuites>