<?xml version="1.0" encoding="utf-8"?><testsuites name="pytest tests"><testsuite name="pytest" errors="0" failures="0" skipped="0" tests="7" time="0.955" timestamp="2026-05-27T21:51:26.164397+00:00" hostname="agent-env-8c2e2178-f23a-4c03-9f40-cab54482134e"><testcase classname="backend.tests.test_bookings.TestRoot" name="test_root_message" time="0.272" /><testcase classname="backend.tests.test_bookings.TestBookings" name="test_create_booking" time="0.105" /><testcase classname="backend.tests.test_bookings.TestBookings" name="test_get_booking_by_id" time="0.053" /><testcase classname="backend.tests.test_bookings.TestBookings" name="test_get_booking_not_found" time="0.055" /><testcase classname="backend.tests.test_bookings.TestBookings" name="test_list_bookings_contains_created" time="0.052" /><testcase classname="backend.tests.test_bookings.TestBookings" name="test_create_booking_invalid_email" time="0.057" /><testcase classname="backend.tests.test_bookings.TestBookings" name="test_create_booking_missing_field" time="0.064" /></testsuite></testsuites>